[2016-12-26 17:57:50] name.WARNING: lorem [] []
[2016-12-26 17:57:50] name.ERROR: Bar [] []
[2016-12-26 17:57:50] name.WARNING: lorem [] []
[2016-12-26 17:57:50] name.ERROR: Bar [] []
[2016-12-26 17:57:50] name.WARNING: lorem [] []
[2016-12-26 17:57:50] name.ERROR: Bar [] []
[2016-12-26 18:10:19] name.ERROR: Bar [] []
[2016-12-26 18:10:19] name.WARNING: lorem [] []
[2016-12-26 18:10:19] name.ERROR: Bar [] []
[2016-12-26 18:10:19] name.WARNING: lorem [] []
[2016-12-26 18:10:19] name.ERROR: Bar [] []
[2016-12-26 18:14:23] name.ERROR: Bar [] []
[2016-12-26 18:14:23] name.WARNING: lorem [] []
[2016-12-26 18:14:23] name.ERROR: Bar [] []
[2016-12-26 18:14:23] name.WARNING: lorem [] []
[2016-12-26 18:14:23] name.ERROR: Bar [] []
[2016-12-26 18:17:41] name.ERROR: Bar [] []
[2016-12-26 18:17:41] name.WARNING: lorem [] []
[2016-12-26 18:17:41] name.ERROR: Bar [] []
[2016-12-26 18:17:41] name.WARNING: lorem [] []
[2016-12-26 18:17:41] name.ERROR: Bar [] []
[2016-12-26 18:17:48] name.ERROR: Bar [] []
[2016-12-26 18:17:48] name.WARNING: lorem [] []
[2016-12-26 18:17:48] name.ERROR: Bar [] []
[2016-12-26 18:17:48] name.WARNING: lorem [] []
[2016-12-26 18:17:48] name.ERROR: Bar [] []
[2016-12-26 18:21:44] name.ERROR: Bar [] []
[2016-12-26 18:21:44] name.WARNING: lorem [] []
[2016-12-26 18:21:44] name.ERROR: Bar [] []
[2016-12-26 18:21:44] name.WARNING: lorem [] []
[2016-12-26 18:21:44] name.ERROR: Bar [] []
[2016-12-26 18:21:51] name.ERROR: Bar [] []
[2016-12-26 18:21:51] name.WARNING: lorem [] []
[2016-12-26 18:21:51] name.ERROR: Bar [] []
[2016-12-26 18:21:51] name.WARNING: lorem [] []
[2016-12-26 18:21:51] name.ERROR: Bar [] []
[2016-12-26 18:22:09] name.ERROR: Bar [] []
[2016-12-26 18:22:09] name.WARNING: lorem [] []
[2016-12-26 18:22:09] name.ERROR: Bar [] []
[2016-12-26 18:22:09] name.WARNING: lorem [] []
[2016-12-26 18:22:09] name.ERROR: Bar [] []
[2016-12-26 18:23:07] name.ERROR: Bar [] []
[2016-12-26 18:23:07] name.WARNING: lorem [] []
[2016-12-26 18:23:07] name.ERROR: Bar [] []
[2016-12-26 18:23:07] name.WARNING: lorem [] []
[2016-12-26 18:23:07] name.ERROR: Bar [] []
[2016-12-26 18:23:46] thierryrenematos.ERROR: Bar [] []
[2016-12-26 18:23:46] thierryrenematos.WARNING: lorem [] []
[2016-12-26 18:23:46] thierryrenematos.ERROR: Bar [] []
[2016-12-26 18:23:46] thierryrenematos.WARNING: lorem [] []
[2016-12-26 18:23:46] thierryrenematos.ERROR: Bar [] []
[2016-12-26 21:38:36] thierryrenematos.ERROR: Bar [] []
[2016-12-26 21:38:36] thierryrenematos.WARNING: lorem [] []
[2016-12-26 21:38:36] thierryrenematos.ERROR: Bar [] []
[2016-12-26 21:38:36] thierryrenematos.WARNING: lorem [] []
[2016-12-26 21:38:36] thierryrenematos.ERROR: Bar [] []
[2016-12-26 21:38:51] thierryrenematos.ERROR: Bar [] []
[2016-12-26 21:38:51] thierryrenematos.WARNING: lorem [] []
[2016-12-26 21:38:51] thierryrenematos.ERROR: Bar [] []
[2016-12-26 21:38:51] thierryrenematos.WARNING: lorem [] []
[2016-12-26 21:39:05] thierryrenematos.ERROR: Bar [] []
[2016-12-26 21:39:05] thierryrenematos.WARNING: lorem [] []
[2016-12-26 21:39:05] thierryrenematos.ERROR: Bar [] []
[2016-12-26 21:39:05] thierryrenematos.WARNING: lorem [] []
[2016-12-26 21:48:45] thierryrenematos.ERROR: Bar [] []
[2016-12-26 21:48:45] thierryrenematos.WARNING: lorem [] []
[2016-12-26 21:48:45] thierryrenematos.ERROR: Bar [] []
[2016-12-26 21:48:45] thierryrenematos.WARNING: lorem [] []
[2016-12-26 21:49:09] thierryrenematos.ERROR: Bar [] []
[2016-12-26 21:49:09] thierryrenematos.WARNING: lorem [] []
[2016-12-26 21:49:09] thierryrenematos.ERROR: Bar [] []
[2016-12-26 21:49:09] thierryrenematos.WARNING: lorem [] []
[2016-12-26 21:49:25] thierryrenematos.ERROR: Bar [] []
[2016-12-26 21:49:25] thierryrenematos.WARNING: lorem [] []
[2016-12-26 21:49:25] thierryrenematos.ERROR: Bar [] []
[2016-12-26 21:49:25] thierryrenematos.WARNING: lorem [] []
[2016-12-26 21:49:29] thierryrenematos.ERROR: Bar [] []
[2016-12-26 21:49:29] thierryrenematos.WARNING: lorem [] []
[2016-12-26 21:49:29] thierryrenematos.ERROR: Bar [] []
[2016-12-26 21:49:29] thierryrenematos.WARNING: lorem [] []
[2016-12-26 21:49:32] thierryrenematos.ERROR: Bar [] []
[2016-12-26 21:49:32] thierryrenematos.WARNING: lorem [] []
[2016-12-26 21:49:32] thierryrenematos.ERROR: Bar [] []
[2016-12-26 21:49:32] thierryrenematos.WARNING: lorem [] []
[2016-12-26 21:49:56] Dr. Grady Sipes V.ERROR: Bar [] []
[2016-12-26 21:49:56] Dr. Grady Sipes V.WARNING: lorem [] []
[2016-12-26 21:49:56] Dr. Grady Sipes V.ERROR: Bar [] []
[2016-12-26 21:49:56] Dr. Grady Sipes V.WARNING: lorem [] []
[2016-12-26 21:50:06] Larissa Little.ERROR: Bar [] []
[2016-12-26 21:50:06] Larissa Little.WARNING: lorem [] []
[2016-12-26 21:50:06] Larissa Little.ERROR: Bar [] []
[2016-12-26 21:50:06] Larissa Little.WARNING: lorem [] []
[2016-12-26 21:50:45] Adalberto Ritchie.ERROR: Bar [] []
[2016-12-26 21:50:45] Adalberto Ritchie.WARNING: lorem [] []
[2016-12-26 21:50:45] Adalberto Ritchie.ERROR: Bar [] []
[2016-12-26 21:50:45] Adalberto Ritchie.WARNING: lorem [] []
[2016-12-26 21:52:28] Hosea Pfannerstill PhD.ERROR: Bar [] []
[2016-12-26 21:52:28] Hosea Pfannerstill PhD.WARNING: lorem [] []
[2016-12-26 21:52:28] Hosea Pfannerstill PhD.ERROR: Bar [] []
[2016-12-26 21:52:28] Hosea Pfannerstill PhD.WARNING: lorem [] []
[2016-12-26 21:53:39] Prof. Clovis Rau.ERROR: Bar [] []
[2016-12-26 21:53:39] Prof. Clovis Rau.WARNING: lorem [] []
[2016-12-26 21:53:39] Prof. Clovis Rau.ERROR: Bar [] []
[2016-12-26 21:53:39] Prof. Clovis Rau.WARNING: lorem [] []
